-------------------- Log Start | Tue Nov  7 07:41:15 2023 --------------------
data_path: /home/matt/printer_data
is_default_data_path: False
config_file: /home/matt/printer_data/config/moonraker.conf
startup_warnings: []
verbose: False
debug: False
asyncio_debug: False
is_backup_config: False
is_python_package: False
instance_uuid: 2c1459d22c004f8b99a82e9b77244f78
unix_socket_path: /home/matt/printer_data/comms/moonraker.sock
software_version: v0.8.0-193-g2e27b07
git_branch: master
git_remote: origin
git_repo_url: https://github.com/Arksine/moonraker.git
modified_files: []
unofficial_components: []
log_file: /home/matt/printer_data/logs/moonraker.log
python_version: 3.9.2 (default, Mar 12 2021, 04:06:34)  [GCC 10.2.1 20210110]
msgspec_enabled: False
uvloop_enabled: False

#################### Moonraker Configuration ####################

[server]
host = 0.0.0.0
port = 7125
klippy_uds_address = /home/matt/printer_data/comms/klippy.sock

[authorization]
trusted_clients = 
	10.0.0.0/8
	127.0.0.0/8
	169.254.0.0/16
	172.16.0.0/12
	192.168.0.0/16
	FE80::/10
	::1/128
cors_domains = 
	*.lan
	*.local
	*://localhost
	*://localhost:*
	*://my.mainsail.xyz
	*://app.fluidd.xyz

[octoprint_compat]

[history]

[file_manager]
enable_object_processing = True

[update_manager]
channel = dev
refresh_interval = 168

[update_manager mainsail-config]
type = git_repo
primary_branch = master
path = ~/mainsail-config
origin = https://github.com/mainsail-crew/mainsail-config.git
managed_services = klipper

[update_manager mainsail]
type = web
channel = stable
repo = mainsail-crew/mainsail
path = ~/mainsail

[update_manager Klipper-Adaptive-Meshing-Purging]
type = git_repo
channel = dev
path = ~/Klipper-Adaptive-Meshing-Purging
origin = https://github.com/kyleisah/Klipper-Adaptive-Meshing-Purging.git
managed_services = klipper
primary_branch = main

#################################################################
All Configuration Files:
/home/matt/printer_data/config/moonraker.conf
#################################################################
Unsafe Shutdown Count: 5

System Info:

***python***
  version: (3, 9, 2, 'final', 0)
  version_string: 3.9.2 (default, Mar 12 2021, 04:06:34)  [GCC 10.2.1 20210110]

***cpu_info***
  cpu_count: 4
  bits: 32bit
  processor: armv7l
  cpu_desc: ARMv7 Processor rev 3 (v7l)
  serial_number: 10000000e8b595ea
  hardware_desc: BCM2711
  model: Raspberry Pi 4 Model B Rev 1.2
  total_memory: 3876688
  memory_units: kB

***sd_info***

***distribution***
  name: Raspbian GNU/Linux 11 (bullseye)
  id: raspbian
  version: 11
  version_parts: {'major': '11', 'minor': '', 'build_number': ''}
  like: debian
  codename: bullseye
  release_info: {'name': '1.', 'version_id': '0.0', 'id': 'octopi'}

***virtualization***
  virt_type: none
  virt_identifier: none

***network***

***canbus***

***Allowed Services***
  klipper_mcu
  webcamd
  MoonCord
  KlipperScreen
  moonraker-telegram-bot
  moonraker-obico
  sonar
  crowsnest
  octoeverywhere
  ratos-configurator

Systemd unit moonraker.service:
unit_name: moonraker.service
is_default: True
manager: systemd
Properties:
**Requires=['-.mount', 'sysinit.target', 'network-online.target', 'system.slice']
**After=['sysinit.target', 'system.slice', 'systemd-journald.socket', 'network-online.target', 'basic.target', '-.mount']
**SupplementaryGroups=['moonraker-admin']
**EnvironmentFiles=/home/matt/printer_data/systemd/moonraker.env
**ExecStart=/home/matt/moonraker-env/bin/python $MOONRAKER_ARGS
**WorkingDirectory=/home/matt/moonraker
**FragmentPath=/etc/systemd/system/moonraker.service
**Description=API Server for Klipper SV1
**User=matt

Systemd unit klipper.service:
unit_name: klipper.service
is_default: True
manager: systemd
Properties:
**Requires=['sysinit.target', 'system.slice', '-.mount']
**After=['sysinit.target', 'system.slice', 'systemd-journald.socket', 'network-online.target', 'basic.target', '-.mount']
**SupplementaryGroups=[]
**EnvironmentFiles=/home/matt/printer_data/systemd/klipper.env
**ExecStart=/home/matt/klippy-env/bin/python $KLIPPER_ARGS
**WorkingDirectory=/home/matt/klipper
**FragmentPath=/etc/systemd/system/klipper.service
**Description=Klipper 3D Printer Firmware SV1
**User=matt
Git Repo moonraker: No warnings detected
Git Repo klipper: No warnings detected
Git Repo mainsail-config: No warnings detected
Git Repo Klipper-Adaptive-Meshing-Purging: No warnings detected
Klipper Version: v0.11.0-311-g9e765dae
2023-11-07 01:41:15,768 [websockets.py:write_to_socket()] - Websocket closed while writing: 2801153336
2023-11-07 01:41:16,021 [websockets.py:on_close()] - Websocket Closed: ID: 2801153336 Close Code: None, Close Reason: None, Pong Time Elapsed: 0.05
2023-11-07 06:57:28,377 [authorization.py:_check_trusted_connection()] - Trusted Connection Detected, IP: 192.168.1.100
2023-11-07 07:07:31,993 [app.py:prepare()] - Upload Request Received from 192.168.1.100
Content-Type: multipart/form-data; boundary=------------------------7eda3f3a775af4a3
2023-11-07 07:07:33,255 [app.py:post()] - Processing Uploaded File: Kolbalt Mini Toolbox CF plate(1).gcode
2023-11-07 07:07:33,486 [shell_command.py:pipe_data_received()] - INFO:metadata:Object Processing is enabled

2023-11-07 07:07:33,512 [shell_command.py:pipe_data_received()] - INFO:prepropress_cancellation:Shapely not found, complex hulls disabled

2023-11-07 07:07:33,517 [shell_command.py:pipe_data_received()] - INFO:metadata:Performing Object Processing on file: Kolbalt Mini Toolbox CF plate(1).gcode, sliced by PrusaSlicer

2023-11-07 07:07:35,802 [shell_command.py:_check_proc_success()] - Command (/home/matt/moonraker-env/bin/python /home/matt/moonraker/moonraker/components/file_manager/metadata.py -p /home/matt/printer_data/gcodes -f "Kolbalt Mini Toolbox CF plate(1).gcode" --check-objects) successfully finished
2023-11-07 07:07:35,813 [app.py:log_request()] - 201 POST /server/files/upload (192.168.1.100) [_TRUSTED_USER_] 3821.95ms
2023-11-07 07:07:35,822 [job_state.py:_status_update()] - Job Started: Kolbalt Mini Toolbox CF plate(1).gcode
2023-11-07 08:17:16,053 [authorization.py:_prune_conn_handler()] - Trusted Connection Expired, IP: 192.168.1.100
2023-11-07 08:19:03,470 [authorization.py:_check_trusted_connection()] - Trusted Connection Detected, IP: 192.168.1.100
2023-11-07 08:19:03,473 [app.py:log_request()] - 101 GET /websocket (192.168.1.100) [_TRUSTED_USER_] 6.27ms
2023-11-07 08:19:03,474 [websockets.py:open()] - Websocket Opened: ID: 2801677912, Proxied: True, User Agent: Mozilla/5.0 (Windows NT 10.0; Win64; x64; rv:109.0) Gecko/20100101 Firefox/119.0, Host Name: 192.168.1.252
2023-11-07 08:19:03,568 [websockets.py:_handle_identify()] - Websocket 2801677912 Client Identified - Name: mainsail, Version: 2.8.0, Type: web
2023-11-07 08:19:10,640 [app.py:prepare()] - Upload Request Received from 192.168.1.100
Content-Type: multipart/form-data; boundary=---------------------------3236701037514563338339580248
2023-11-07 08:19:10,657 [app.py:post()] - Processing Uploaded File: Notes
2023-11-07 08:19:10,667 [app.py:log_request()] - 201 POST /server/files/upload (192.168.1.100) [_TRUSTED_USER_] 28.33ms
2023-11-07 08:19:46,000 [app.py:prepare()] - Upload Request Received from 192.168.1.100
Content-Type: multipart/form-data; boundary=---------------------------20176133027883269534028896095
2023-11-07 08:19:46,022 [app.py:post()] - Processing Uploaded File: Notes
2023-11-07 08:19:46,031 [app.py:log_request()] - 201 POST /server/files/upload (192.168.1.100) [_TRUSTED_USER_] 33.62ms
2023-11-07 08:21:17,168 [app.py:prepare()] - Upload Request Received from 192.168.1.100
Content-Type: multipart/form-data; boundary=---------------------------26594419663647728124522094073
2023-11-07 08:21:17,187 [app.py:post()] - Processing Uploaded File: Notes
2023-11-07 08:21:17,195 [app.py:log_request()] - 201 POST /server/files/upload (192.168.1.100) [_TRUSTED_USER_] 29.20ms
2023-11-07 09:22:16,064 [authorization.py:_prune_conn_handler()] - Trusted Connection Expired, IP: 192.168.1.100
